c:\users\s171762\desktop\math library assignment - nicholas weaire\math library\math library\dll_export\vc140.pdb
c:\users\s171762\desktop\math library assignment - nicholas weaire\math library\math library\dll_export\vc140.idb
c:\users\s171762\desktop\math library assignment - nicholas weaire\math library\math library\dll_export\matrix2.obj
c:\users\s171762\desktop\math library assignment - nicholas weaire\math library\math library\dll_export\matrix3.obj
c:\users\s171762\desktop\math library assignment - nicholas weaire\math library\math library\dll_export\matrix4.obj
c:\users\s171762\desktop\math library assignment - nicholas weaire\math library\math library\dll_export\vector2.obj
c:\users\s171762\desktop\math library assignment - nicholas weaire\math library\math library\dll_export\vector3.obj
c:\users\s171762\desktop\math library assignment - nicholas weaire\math library\math library\dll_export\vector4.obj
c:\users\s171762\desktop\math library assignment - nicholas weaire\math library\dll_export\math library.ilk
c:\users\s171762\desktop\math library assignment - nicholas weaire\math library\dll_export\math library.dll
c:\users\s171762\desktop\math library assignment - nicholas weaire\math library\dll_export\math library.pdb
c:\users\s171762\desktop\math library assignment - nicholas weaire\math library\dll_export\math library.lib
c:\users\s171762\desktop\math library assignment - nicholas weaire\math library\dll_export\math library.exp
c:\users\s171762\desktop\math library assignment - nicholas weaire\math library\math library\dll_export\math library.tlog\cl.command.1.tlog
c:\users\s171762\desktop\math library assignment - nicholas weaire\math library\math library\dll_export\math library.tlog\cl.read.1.tlog
c:\users\s171762\desktop\math library assignment - nicholas weaire\math library\math library\dll_export\math library.tlog\cl.write.1.tlog
c:\users\s171762\desktop\math library assignment - nicholas weaire\math library\math library\dll_export\math library.tlog\link.command.1.tlog
c:\users\s171762\desktop\math library assignment - nicholas weaire\math library\math library\dll_export\math library.tlog\link.read.1.tlog
c:\users\s171762\desktop\math library assignment - nicholas weaire\math library\math library\dll_export\math library.tlog\link.write.1.tlog
c:\users\s171762\desktop\math library assignment - nicholas weaire\math library\math library\dll_export\math library.tlog\math library.write.1u.tlog
